# JRE version: OpenJDK Runtime Environment (8.0_152-b01) (build 1.8.0_152-release-1024-b01)
# Java VM: OpenJDK 64-Bit Server VM (25.152-b01 mixed mode linux-amd64 compressed oops)
Heap:
 PSYoungGen      total 340480K, used 8074K [0x00000000e0000000, 0x00000000fe100000, 0x0000000100000000)
  eden space 289792K, 0% used [0x00000000e0000000,0x00000000e0000000,0x00000000f1b00000)
  from space 50688K, 15% used [0x00000000f1b00000,0x00000000f22e2bb8,0x00000000f4c80000)
  to   space 69632K, 0% used [0x00000000f9d00000,0x00000000f9d00000,0x00000000fe100000)
 ParOldGen       total 138240K, used 137333K [0x00000000a0000000, 0x00000000a8700000, 0x00000000e0000000)
  object space 138240K, 99% used [0x00000000a0000000,0x00000000a861d640,0x00000000a8700000)
 Metaspace       used 85196K, capacity 88996K, committed 89176K, reserved 1126400K
  class space    used 10785K, capacity 11607K, committed 11648K, reserved 1048576K
GC Heap History (10 events):
Event: 46.417 GC heap after
Heap after GC invocations=23 (full 3):
 PSYoungGen      total 287744K, used 29176K [0x00000000e0000000, 0x00000000f5500000, 0x0000000100000000)
  eden space 258560K, 0% used [0x00000000e0000000,0x00000000e0000000,0x00000000efc80000)
  from space 29184K, 99% used [0x00000000f2100000,0x00000000f3d7e1c8,0x00000000f3d80000)
  to   space 37376K, 0% used [0x00000000efc80000,0x00000000efc80000,0x00000000f2100000)
 ParOldGen       total 98304K, used 79091K [0x00000000a0000000, 0x00000000a6000000, 0x00000000e0000000)
  object space 98304K, 80% used [0x00000000a0000000,0x00000000a4d3ce18,0x00000000a6000000)
 Metaspace       used 83245K, capacity 86770K, committed 87128K, reserved 1124352K
  class space    used 10513K, capacity 11272K, committed 11392K, reserved 1048576K
}
Event: 52.089 GC heap before
{Heap before GC invocations=24 (full 3):
 PSYoungGen      total 287744K, used 287011K [0x00000000e0000000, 0x00000000f5500000, 0x0000000100000000)
  eden space 258560K, 99% used [0x00000000e0000000,0x00000000efbcadd0,0x00000000efc80000)
  from space 29184K, 99% used [0x00000000f2100000,0x00000000f3d7e1c8,0x00000000f3d80000)
  to   space 37376K, 0% used [0x00000000efc80000,0x00000000efc80000,0x00000000f2100000)
 ParOldGen       total 98304K, used 79091K [0x00000000a0000000, 0x00000000a6000000, 0x00000000e0000000)
  object space 98304K, 80% used [0x00000000a0000000,0x00000000a4d3ce18,0x00000000a6000000)
 Metaspace       used 84527K, capacity 88360K, committed 88664K, reserved 1126400K
  class space    used 10689K, capacity 11527K, committed 11648K, reserved 1048576K
Event: 52.231 GC heap after
Heap after GC invocations=24 (full 3):
 PSYoungGen      total 295936K, used 10255K [0x00000000e0000000, 0x00000000f7000000, 0x0000000100000000)
  eden space 258560K, 0% used [0x00000000e0000000,0x00000000e0000000,0x00000000efc80000)
  from space 37376K, 27% used [0x00000000efc80000,0x00000000f0683c78,0x00000000f2100000)
  to   space 36352K, 0% used [0x00000000f4c80000,0x00000000f4c80000,0x00000000f7000000)
 ParOldGen       total 98304K, used 88903K [0x00000000a0000000, 0x00000000a6000000, 0x00000000e0000000)
  object space 98304K, 90% used [0x00000000a0000000,0x00000000a56d1da8,0x00000000a6000000)
 Metaspace       used 84527K, capacity 88360K, committed 88664K, reserved 1126400K
  class space    used 10689K, capacity 11527K, committed 11648K, reserved 1048576K
}
Event: 52.231 GC heap before
{Heap before GC invocations=25 (full 4):
 PSYoungGen      total 295936K, used 10255K [0x00000000e0000000, 0x00000000f7000000, 0x0000000100000000)
  eden space 258560K, 0% used [0x00000000e0000000,0x00000000e0000000,0x00000000efc80000)
  from space 37376K, 27% used [0x00000000efc80000,0x00000000f0683c78,0x00000000f2100000)
  to   space 36352K, 0% used [0x00000000f4c80000,0x00000000f4c80000,0x00000000f7000000)
 ParOldGen       total 98304K, used 88903K [0x00000000a0000000, 0x00000000a6000000, 0x00000000e0000000)
  object space 98304K, 90% used [0x00000000a0000000,0x00000000a56d1da8,0x00000000a6000000)
 Metaspace       used 84527K, capacity 88360K, committed 88664K, reserved 1126400K
  class space    used 10689K, capacity 11527K, committed 11648K, reserved 1048576K
Event: 52.594 GC heap after
Heap after GC invocations=25 (full 4):
 PSYoungGen      total 295936K, used 0K [0x00000000e0000000, 0x00000000f7000000, 0x0000000100000000)
  eden space 258560K, 0% used [0x00000000e0000000,0x00000000e0000000,0x00000000efc80000)
  from space 37376K, 0% used [0x00000000efc80000,0x00000000efc80000,0x00000000f2100000)
  to   space 36352K, 0% used [0x00000000f4c80000,0x00000000f4c80000,0x00000000f7000000)
 ParOldGen       total 138240K, used 58319K [0x00000000a0000000, 0x00000000a8700000, 0x00000000e0000000)
  object space 138240K, 42% used [0x00000000a0000000,0x00000000a38f3ec0,0x00000000a8700000)
 Metaspace       used 84457K, capacity 88186K, committed 88664K, reserved 1126400K
  class space    used 10664K, capacity 11484K, committed 11648K, reserved 1048576K
}
Event: 54.187 GC heap before
{Heap before GC invocations=26 (full 4):
 PSYoungGen      total 295936K, used 258085K [0x00000000e0000000, 0x00000000f7000000, 0x0000000100000000)
  eden space 258560K, 99% used [0x00000000e0000000,0x00000000efc094a8,0x00000000efc80000)
  from space 37376K, 0% used [0x00000000efc80000,0x00000000efc80000,0x00000000f2100000)
  to   space 36352K, 0% used [0x00000000f4c80000,0x00000000f4c80000,0x00000000f7000000)
 ParOldGen       total 138240K, used 58319K [0x00000000a0000000, 0x00000000a8700000, 0x00000000e0000000)
  object space 138240K, 42% used [0x00000000a0000000,0x00000000a38f3ec0,0x00000000a8700000)
 Metaspace       used 85010K, capacity 88786K, committed 88920K, reserved 1126400K
  class space    used 10753K, capacity 11562K, committed 11648K, reserved 1048576K
Event: 54.232 GC heap after
Heap after GC invocations=26 (full 4):
 PSYoungGen      total 326144K, used 36335K [0x00000000e0000000, 0x00000000f9080000, 0x0000000100000000)
  eden space 289792K, 0% used [0x00000000e0000000,0x00000000e0000000,0x00000000f1b00000)
  from space 36352K, 99% used [0x00000000f4c80000,0x00000000f6ffbd18,0x00000000f7000000)
  to   space 50688K, 0% used [0x00000000f1b00000,0x00000000f1b00000,0x00000000f4c80000)
 ParOldGen       total 138240K, used 81700K [0x00000000a0000000, 0x00000000a8700000, 0x00000000e0000000)
  object space 138240K, 59% used [0x00000000a0000000,0x00000000a4fc9280,0x00000000a8700000)
 Metaspace       used 85010K, capacity 88786K, committed 88920K, reserved 1126400K
  class space    used 10753K, capacity 11562K, committed 11648K, reserved 1048576K
}
Event: 55.383 GC heap before
{Heap before GC invocations=27 (full 4):
 PSYoungGen      total 326144K, used 325599K [0x00000000e0000000, 0x00000000f9080000, 0x0000000100000000)
  eden space 289792K, 99% used [0x00000000e0000000,0x00000000f1a7bf28,0x00000000f1b00000)
  from space 36352K, 99% used [0x00000000f4c80000,0x00000000f6ffbd18,0x00000000f7000000)
  to   space 50688K, 0% used [0x00000000f1b00000,0x00000000f1b00000,0x00000000f4c80000)
 ParOldGen       total 138240K, used 81700K [0x00000000a0000000, 0x00000000a8700000, 0x00000000e0000000)
  object space 138240K, 59% used [0x00000000a0000000,0x00000000a4fc9280,0x00000000a8700000)
 Metaspace       used 85196K, capacity 88996K, committed 89176K, reserved 1126400K
  class space    used 10785K, capacity 11607K, committed 11648K, reserved 1048576K
Event: 55.446 GC heap after
Heap after GC invocations=27 (full 4):
 PSYoungGen      total 340480K, used 50678K [0x00000000e0000000, 0x00000000fe100000, 0x0000000100000000)
  eden space 289792K, 0% used [0x00000000e0000000,0x00000000e0000000,0x00000000f1b00000)
  from space 50688K, 99% used [0x00000000f1b00000,0x00000000f4c7d850,0x00000000f4c80000)
  to   space 69632K, 0% used [0x00000000f9d00000,0x00000000f9d00000,0x00000000fe100000)
 ParOldGen       total 138240K, used 110793K [0x00000000a0000000, 0x00000000a8700000, 0x00000000e0000000)
  object space 138240K, 80% used [0x00000000a0000000,0x00000000a6c32760,0x00000000a8700000)
 Metaspace       used 85196K, capacity 88996K, committed 89176K, reserved 1126400K
  class space    used 10785K, capacity 11607K, committed 11648K, reserved 1048576K
}
Event: 55.446 GC heap before
{Heap before GC invocations=28 (full 5):
 PSYoungGen      total 340480K, used 50678K [0x00000000e0000000, 0x00000000fe100000, 0x0000000100000000)
  eden space 289792K, 0% used [0x00000000e0000000,0x00000000e0000000,0x00000000f1b00000)
  from space 50688K, 99% used [0x00000000f1b00000,0x00000000f4c7d850,0x00000000f4c80000)
  to   space 69632K, 0% used [0x00000000f9d00000,0x00000000f9d00000,0x00000000fe100000)
 ParOldGen       total 138240K, used 110793K [0x00000000a0000000, 0x00000000a8700000, 0x00000000e0000000)
  object space 138240K, 80% used [0x00000000a0000000,0x00000000a6c32760,0x00000000a8700000)
 Metaspace       used 85196K, capacity 88996K, committed 89176K, reserved 1126400K
  class space    used 10785K, capacity 11607K, committed 11648K, reserved 1048576K

