# JRE version: OpenJDK Runtime Environment (8.0_152-b01) (build 1.8.0_152-release-1024-b01)
# Java VM: OpenJDK 64-Bit Server VM (25.152-b01 mixed mode linux-amd64 compressed oops)
Heap:
 PSYoungGen      total 366592K, used 62879K [0x00000000e0000000, 0x00000000fa380000, 0x0000000100000000)
  eden space 303616K, 0% used [0x00000000e0000000,0x00000000e0000000,0x00000000f2880000)
  from space 62976K, 99% used [0x00000000f2880000,0x00000000f65e7ed0,0x00000000f6600000)
  to   space 61952K, 0% used [0x00000000f6680000,0x00000000f6680000,0x00000000fa300000)
 ParOldGen       total 239104K, used 146857K [0x00000000a0000000, 0x00000000ae980000, 0x00000000e0000000)
  object space 239104K, 61% used [0x00000000a0000000,0x00000000a8f6a5b8,0x00000000ae980000)
 Metaspace       used 81992K, capacity 86770K, committed 87040K, reserved 1124352K
  class space    used 10498K, capacity 11430K, committed 11520K, reserved 1048576K
GC Heap History (10 events):
Event: 291.419 GC heap after
Heap after GC invocations=25 (full 5):
 PSYoungGen      total 327680K, used 34972K [0x00000000e0000000, 0x00000000f8100000, 0x0000000100000000)
  eden space 266752K, 0% used [0x00000000e0000000,0x00000000e0000000,0x00000000f0480000)
  from space 60928K, 57% used [0x00000000f4180000,0x00000000f63a7188,0x00000000f7d00000)
  to   space 62464K, 0% used [0x00000000f0480000,0x00000000f0480000,0x00000000f4180000)
 ParOldGen       total 239104K, used 134063K [0x00000000a0000000, 0x00000000ae980000, 0x00000000e0000000)
  object space 239104K, 56% used [0x00000000a0000000,0x00000000a82ebf10,0x00000000ae980000)
 Metaspace       used 79949K, capacity 84038K, committed 84224K, reserved 1122304K
  class space    used 10393K, capacity 11240K, committed 11264K, reserved 1048576K
}
Event: 439.543 GC heap before
{Heap before GC invocations=26 (full 5):
 PSYoungGen      total 327680K, used 301724K [0x00000000e0000000, 0x00000000f8100000, 0x0000000100000000)
  eden space 266752K, 100% used [0x00000000e0000000,0x00000000f0480000,0x00000000f0480000)
  from space 60928K, 57% used [0x00000000f4180000,0x00000000f63a7188,0x00000000f7d00000)
  to   space 62464K, 0% used [0x00000000f0480000,0x00000000f0480000,0x00000000f4180000)
 ParOldGen       total 239104K, used 134063K [0x00000000a0000000, 0x00000000ae980000, 0x00000000e0000000)
  object space 239104K, 56% used [0x00000000a0000000,0x00000000a82ebf10,0x00000000ae980000)
 Metaspace       used 81257K, capacity 85918K, committed 86272K, reserved 1124352K
  class space    used 10491K, capacity 11420K, committed 11520K, reserved 1048576K
Event: 439.605 GC heap after
Heap after GC invocations=26 (full 5):
 PSYoungGen      total 329216K, used 22607K [0x00000000e0000000, 0x00000000f8c00000, 0x0000000100000000)
  eden space 266752K, 0% used [0x00000000e0000000,0x00000000e0000000,0x00000000f0480000)
  from space 62464K, 36% used [0x00000000f0480000,0x00000000f1a93de0,0x00000000f4180000)
  to   space 58880K, 0% used [0x00000000f5280000,0x00000000f5280000,0x00000000f8c00000)
 ParOldGen       total 239104K, used 134071K [0x00000000a0000000, 0x00000000ae980000, 0x00000000e0000000)
  object space 239104K, 56% used [0x00000000a0000000,0x00000000a82edf10,0x00000000ae980000)
 Metaspace       used 81257K, capacity 85918K, committed 86272K, reserved 1124352K
  class space    used 10491K, capacity 11420K, committed 11520K, reserved 1048576K
}
Event: 442.776 GC heap before
{Heap before GC invocations=27 (full 5):
 PSYoungGen      total 329216K, used 287303K [0x00000000e0000000, 0x00000000f8c00000, 0x0000000100000000)
  eden space 266752K, 99% used [0x00000000e0000000,0x00000000f027deb0,0x00000000f0480000)
  from space 62464K, 36% used [0x00000000f0480000,0x00000000f1a93de0,0x00000000f4180000)
  to   space 58880K, 0% used [0x00000000f5280000,0x00000000f5280000,0x00000000f8c00000)
 ParOldGen       total 239104K, used 134071K [0x00000000a0000000, 0x00000000ae980000, 0x00000000e0000000)
  object space 239104K, 56% used [0x00000000a0000000,0x00000000a82edf10,0x00000000ae980000)
 Metaspace       used 81358K, capacity 85996K, committed 86272K, reserved 1124352K
  class space    used 10491K, capacity 11421K, committed 11520K, reserved 1048576K
Event: 442.848 GC heap after
Heap after GC invocations=27 (full 5):
 PSYoungGen      total 345088K, used 35176K [0x00000000e0000000, 0x00000000f9000000, 0x0000000100000000)
  eden space 286208K, 0% used [0x00000000e0000000,0x00000000e0000000,0x00000000f1780000)
  from space 58880K, 59% used [0x00000000f5280000,0x00000000f74da370,0x00000000f8c00000)
  to   space 60416K, 0% used [0x00000000f1780000,0x00000000f1780000,0x00000000f5280000)
 ParOldGen       total 239104K, used 134079K [0x00000000a0000000, 0x00000000ae980000, 0x00000000e0000000)
  object space 239104K, 56% used [0x00000000a0000000,0x00000000a82eff10,0x00000000ae980000)
 Metaspace       used 81358K, capacity 85996K, committed 86272K, reserved 1124352K
  class space    used 10491K, capacity 11421K, committed 11520K, reserved 1048576K
}
Event: 828.166 GC heap before
{Heap before GC invocations=28 (full 5):
 PSYoungGen      total 345088K, used 321384K [0x00000000e0000000, 0x00000000f9000000, 0x0000000100000000)
  eden space 286208K, 100% used [0x00000000e0000000,0x00000000f1780000,0x00000000f1780000)
  from space 58880K, 59% used [0x00000000f5280000,0x00000000f74da370,0x00000000f8c00000)
  to   space 60416K, 0% used [0x00000000f1780000,0x00000000f1780000,0x00000000f5280000)
 ParOldGen       total 239104K, used 134079K [0x00000000a0000000, 0x00000000ae980000, 0x00000000e0000000)
  object space 239104K, 56% used [0x00000000a0000000,0x00000000a82eff10,0x00000000ae980000)
 Metaspace       used 81949K, capacity 86632K, committed 86784K, reserved 1124352K
  class space    used 10497K, capacity 11429K, committed 11520K, reserved 1048576K
Event: 828.232 GC heap after
Heap after GC invocations=28 (full 5):
 PSYoungGen      total 346624K, used 37594K [0x00000000e0000000, 0x00000000fa300000, 0x0000000100000000)
  eden space 286208K, 0% used [0x00000000e0000000,0x00000000e0000000,0x00000000f1780000)
  from space 60416K, 62% used [0x00000000f1780000,0x00000000f3c36b70,0x00000000f5280000)
  to   space 61952K, 0% used [0x00000000f6680000,0x00000000f6680000,0x00000000fa300000)
 ParOldGen       total 239104K, used 134087K [0x00000000a0000000, 0x00000000ae980000, 0x00000000e0000000)
  object space 239104K, 56% used [0x00000000a0000000,0x00000000a82f1f10,0x00000000ae980000)
 Metaspace       used 81949K, capacity 86632K, committed 86784K, reserved 1124352K
  class space    used 10497K, capacity 11429K, committed 11520K, reserved 1048576K
}
Event: 832.715 GC heap before
{Heap before GC invocations=29 (full 5):
 PSYoungGen      total 346624K, used 321934K [0x00000000e0000000, 0x00000000fa300000, 0x0000000100000000)
  eden space 286208K, 99% used [0x00000000e0000000,0x00000000f15acef8,0x00000000f1780000)
  from space 60416K, 62% used [0x00000000f1780000,0x00000000f3c36b70,0x00000000f5280000)
  to   space 61952K, 0% used [0x00000000f6680000,0x00000000f6680000,0x00000000fa300000)
 ParOldGen       total 239104K, used 134087K [0x00000000a0000000, 0x00000000ae980000, 0x00000000e0000000)
  object space 239104K, 56% used [0x00000000a0000000,0x00000000a82f1f10,0x00000000ae980000)
 Metaspace       used 81976K, capacity 86706K, committed 87040K, reserved 1124352K
  class space    used 10498K, capacity 11430K, committed 11520K, reserved 1048576K
Event: 832.767 GC heap after
Heap after GC invocations=29 (full 5):
 PSYoungGen      total 365568K, used 36889K [0x00000000e0000000, 0x00000000fa380000, 0x0000000100000000)
  eden space 303616K, 0% used [0x00000000e0000000,0x00000000e0000000,0x00000000f2880000)
  from space 61952K, 59% used [0x00000000f6680000,0x00000000f8a864c8,0x00000000fa300000)
  to   space 62976K, 0% used [0x00000000f2880000,0x00000000f2880000,0x00000000f6600000)
 ParOldGen       total 239104K, used 134095K [0x00000000a0000000, 0x00000000ae980000, 0x00000000e0000000)
  object space 239104K, 56% used [0x00000000a0000000,0x00000000a82f3f10,0x00000000ae980000)
 Metaspace       used 81976K, capacity 86706K, committed 87040K, reserved 1124352K
  class space    used 10498K, capacity 11430K, committed 11520K, reserved 1048576K
}
Event: 908.825 GC heap before
{Heap before GC invocations=30 (full 5):
 PSYoungGen      total 365568K, used 340293K [0x00000000e0000000, 0x00000000fa380000, 0x0000000100000000)
  eden space 303616K, 99% used [0x00000000e0000000,0x00000000f284af70,0x00000000f2880000)
  from space 61952K, 59% used [0x00000000f6680000,0x00000000f8a864c8,0x00000000fa300000)
  to   space 62976K, 0% used [0x00000000f2880000,0x00000000f2880000,0x00000000f6600000)
 ParOldGen       total 239104K, used 134095K [0x00000000a0000000, 0x00000000ae980000, 0x00000000e0000000)
  object space 239104K, 56% used [0x00000000a0000000,0x00000000a82f3f10,0x00000000ae980000)
 Metaspace       used 81992K, capacity 86770K, committed 87040K, reserved 1124352K
  class space    used 10498K, capacity 11430K, committed 11520K, reserved 1048576K

