# JRE version: OpenJDK Runtime Environment (8.0_152-b01) (build 1.8.0_152-release-1024-b01)
# Java VM: OpenJDK 64-Bit Server VM (25.152-b01 mixed mode linux-amd64 compressed oops)
Heap:
 PSYoungGen      total 404992K, used 16670K [0x00000000e0000000, 0x00000000fbc80000, 0x0000000100000000)
  eden space 354816K, 0% used [0x00000000e0000000,0x00000000e0000000,0x00000000f5a80000)
  from space 50176K, 33% used [0x00000000f5a80000,0x00000000f6ac7a20,0x00000000f8b80000)
  to   space 40960K, 0% used [0x00000000f9480000,0x00000000f9480000,0x00000000fbc80000)
 ParOldGen       total 147456K, used 57411K [0x00000000a0000000, 0x00000000a9000000, 0x00000000e0000000)
  object space 147456K, 38% used [0x00000000a0000000,0x00000000a3810c30,0x00000000a9000000)
 Metaspace       used 81967K, capacity 86194K, committed 86272K, reserved 1124352K
  class space    used 10396K, capacity 11242K, committed 11264K, reserved 1048576K
GC Heap History (10 events):
Event: 288.167 GC heap after
Heap after GC invocations=21 (full 4):
 PSYoungGen      total 316416K, used 35824K [0x00000000e0000000, 0x00000000f9800000, 0x0000000100000000)
  eden space 280576K, 0% used [0x00000000e0000000,0x00000000e0000000,0x00000000f1200000)
  from space 35840K, 99% used [0x00000000f1200000,0x00000000f34fc1d0,0x00000000f3500000)
  to   space 45568K, 0% used [0x00000000f6b80000,0x00000000f6b80000,0x00000000f9800000)
 ParOldGen       total 161280K, used 106655K [0x00000000a0000000, 0x00000000a9d80000, 0x00000000e0000000)
  object space 161280K, 66% used [0x00000000a0000000,0x00000000a6827ef8,0x00000000a9d80000)
 Metaspace       used 79862K, capacity 83522K, committed 83840K, reserved 1122304K
  class space    used 10312K, capacity 11066K, committed 11136K, reserved 1048576K
}
Event: 290.827 GC heap before
{Heap before GC invocations=22 (full 4):
 PSYoungGen      total 316416K, used 314694K [0x00000000e0000000, 0x00000000f9800000, 0x0000000100000000)
  eden space 280576K, 99% used [0x00000000e0000000,0x00000000f1055768,0x00000000f1200000)
  from space 35840K, 99% used [0x00000000f1200000,0x00000000f34fc1d0,0x00000000f3500000)
  to   space 45568K, 0% used [0x00000000f6b80000,0x00000000f6b80000,0x00000000f9800000)
 ParOldGen       total 161280K, used 106655K [0x00000000a0000000, 0x00000000a9d80000, 0x00000000e0000000)
  object space 161280K, 66% used [0x00000000a0000000,0x00000000a6827ef8,0x00000000a9d80000)
 Metaspace       used 79973K, capacity 83668K, committed 83840K, reserved 1122304K
  class space    used 10315K, capacity 11069K, committed 11136K, reserved 1048576K
Event: 290.867 GC heap after
Heap after GC invocations=22 (full 4):
 PSYoungGen      total 358912K, used 13679K [0x00000000e0000000, 0x00000000f8f80000, 0x0000000100000000)
  eden space 322048K, 0% used [0x00000000e0000000,0x00000000e0000000,0x00000000f3a80000)
  from space 36864K, 37% used [0x00000000f6b80000,0x00000000f78dbc30,0x00000000f8f80000)
  to   space 43520K, 0% used [0x00000000f3a80000,0x00000000f3a80000,0x00000000f6500000)
 ParOldGen       total 161280K, used 126545K [0x00000000a0000000, 0x00000000a9d80000, 0x00000000e0000000)
  object space 161280K, 78% used [0x00000000a0000000,0x00000000a7b944c8,0x00000000a9d80000)
 Metaspace       used 79973K, capacity 83668K, committed 83840K, reserved 1122304K
  class space    used 10315K, capacity 11069K, committed 11136K, reserved 1048576K
}
Event: 2529.709 GC heap before
{Heap before GC invocations=23 (full 4):
 PSYoungGen      total 358912K, used 335635K [0x00000000e0000000, 0x00000000f8f80000, 0x0000000100000000)
  eden space 322048K, 99% used [0x00000000e0000000,0x00000000f3a69148,0x00000000f3a80000)
  from space 36864K, 37% used [0x00000000f6b80000,0x00000000f78dbc30,0x00000000f8f80000)
  to   space 43520K, 0% used [0x00000000f3a80000,0x00000000f3a80000,0x00000000f6500000)
 ParOldGen       total 161280K, used 126545K [0x00000000a0000000, 0x00000000a9d80000, 0x00000000e0000000)
  object space 161280K, 78% used [0x00000000a0000000,0x00000000a7b944c8,0x00000000a9d80000)
 Metaspace       used 80935K, capacity 84868K, committed 84992K, reserved 1122304K
  class space    used 10339K, capacity 11143K, committed 11264K, reserved 1048576K
Event: 2529.840 GC heap after
Heap after GC invocations=23 (full 4):
 PSYoungGen      total 365568K, used 43490K [0x00000000e0000000, 0x00000000fc880000, 0x0000000100000000)
  eden space 322048K, 0% used [0x00000000e0000000,0x00000000e0000000,0x00000000f3a80000)
  from space 43520K, 99% used [0x00000000f3a80000,0x00000000f64f8a10,0x00000000f6500000)
  to   space 53248K, 0% used [0x00000000f9480000,0x00000000f9480000,0x00000000fc880000)
 ParOldGen       total 161280K, used 132868K [0x00000000a0000000, 0x00000000a9d80000, 0x00000000e0000000)
  object space 161280K, 82% used [0x00000000a0000000,0x00000000a81c1218,0x00000000a9d80000)
 Metaspace       used 80935K, capacity 84868K, committed 84992K, reserved 1122304K
  class space    used 10339K, capacity 11143K, committed 11264K, reserved 1048576K
}
Event: 2691.033 GC heap before
{Heap before GC invocations=24 (full 4):
 PSYoungGen      total 365568K, used 365538K [0x00000000e0000000, 0x00000000fc880000, 0x0000000100000000)
  eden space 322048K, 100% used [0x00000000e0000000,0x00000000f3a80000,0x00000000f3a80000)
  from space 43520K, 99% used [0x00000000f3a80000,0x00000000f64f8a10,0x00000000f6500000)
  to   space 53248K, 0% used [0x00000000f9480000,0x00000000f9480000,0x00000000fc880000)
 ParOldGen       total 161280K, used 132868K [0x00000000a0000000, 0x00000000a9d80000, 0x00000000e0000000)
  object space 161280K, 82% used [0x00000000a0000000,0x00000000a81c1218,0x00000000a9d80000)
 Metaspace       used 81576K, capacity 85776K, committed 86016K, reserved 1124352K
  class space    used 10403K, capacity 11259K, committed 11264K, reserved 1048576K
Event: 2691.367 GC heap after
Heap after GC invocations=24 (full 4):
 PSYoungGen      total 395776K, used 16310K [0x00000000e0000000, 0x00000000fbc80000, 0x0000000100000000)
  eden space 354816K, 0% used [0x00000000e0000000,0x00000000e0000000,0x00000000f5a80000)
  from space 40960K, 39% used [0x00000000f9480000,0x00000000fa46dbc8,0x00000000fbc80000)
  to   space 50176K, 0% used [0x00000000f5a80000,0x00000000f5a80000,0x00000000f8b80000)
 ParOldGen       total 161280K, used 148449K [0x00000000a0000000, 0x00000000a9d80000, 0x00000000e0000000)
  object space 161280K, 92% used [0x00000000a0000000,0x00000000a90f87b0,0x00000000a9d80000)
 Metaspace       used 81576K, capacity 85776K, committed 86016K, reserved 1124352K
  class space    used 10403K, capacity 11259K, committed 11264K, reserved 1048576K
}
Event: 2691.367 GC heap before
{Heap before GC invocations=25 (full 5):
 PSYoungGen      total 395776K, used 16310K [0x00000000e0000000, 0x00000000fbc80000, 0x0000000100000000)
  eden space 354816K, 0% used [0x00000000e0000000,0x00000000e0000000,0x00000000f5a80000)
  from space 40960K, 39% used [0x00000000f9480000,0x00000000fa46dbc8,0x00000000fbc80000)
  to   space 50176K, 0% used [0x00000000f5a80000,0x00000000f5a80000,0x00000000f8b80000)
 ParOldGen       total 161280K, used 148449K [0x00000000a0000000, 0x00000000a9d80000, 0x00000000e0000000)
  object space 161280K, 92% used [0x00000000a0000000,0x00000000a90f87b0,0x00000000a9d80000)
 Metaspace       used 81576K, capacity 85776K, committed 86016K, reserved 1124352K
  class space    used 10403K, capacity 11259K, committed 11264K, reserved 1048576K
Event: 2692.204 GC heap after
Heap after GC invocations=25 (full 5):
 PSYoungGen      total 395776K, used 0K [0x00000000e0000000, 0x00000000fbc80000, 0x0000000100000000)
  eden space 354816K, 0% used [0x00000000e0000000,0x00000000e0000000,0x00000000f5a80000)
  from space 40960K, 0% used [0x00000000f9480000,0x00000000f9480000,0x00000000fbc80000)
  to   space 50176K, 0% used [0x00000000f5a80000,0x00000000f5a80000,0x00000000f8b80000)
 ParOldGen       total 147456K, used 57403K [0x00000000a0000000, 0x00000000a9000000, 0x00000000e0000000)
  object space 147456K, 38% used [0x00000000a0000000,0x00000000a380ec30,0x00000000a9000000)
 Metaspace       used 81301K, capacity 85330K, committed 86016K, reserved 1124352K
  class space    used 10357K, capacity 11174K, committed 11264K, reserved 1048576K
}
Event: 2703.485 GC heap before
{Heap before GC invocations=26 (full 5):
 PSYoungGen      total 395776K, used 353416K [0x00000000e0000000, 0x00000000fbc80000, 0x0000000100000000)
  eden space 354816K, 99% used [0x00000000e0000000,0x00000000f59222f0,0x00000000f5a80000)
  from space 40960K, 0% used [0x00000000f9480000,0x00000000f9480000,0x00000000fbc80000)
  to   space 50176K, 0% used [0x00000000f5a80000,0x00000000f5a80000,0x00000000f8b80000)
 ParOldGen       total 147456K, used 57403K [0x00000000a0000000, 0x00000000a9000000, 0x00000000e0000000)
  object space 147456K, 38% used [0x00000000a0000000,0x00000000a380ec30,0x00000000a9000000)
 Metaspace       used 81967K, capacity 86194K, committed 86272K, reserved 1124352K
  class space    used 10396K, capacity 11242K, committed 11264K, reserved 1048576K

